
=== Fri Oct 29 04:05:36 2021

Packages were changed.
Update Mode: mergeDefaultDependencies

The following packages were added:
  com.unity.collab-proxy@1.13.5
  com.unity.ide.rider@3.0.7
  com.unity.ide.visualstudio@2.0.11
  com.unity.ide.vscode@1.2.4
  com.unity.modules.ai@1.0.0
  com.unity.modules.androidjni@1.0.0
  com.unity.modules.animation@1.0.0
  com.unity.modules.assetbundle@1.0.0
  com.unity.modules.audio@1.0.0
  com.unity.modules.cloth@1.0.0
  com.unity.modules.director@1.0.0
  com.unity.modules.imageconversion@1.0.0
  com.unity.modules.imgui@1.0.0
  com.unity.modules.jsonserialize@1.0.0
  com.unity.modules.particlesystem@1.0.0
  com.unity.modules.physics@1.0.0
  com.unity.modules.physics2d@1.0.0
  com.unity.modules.screencapture@1.0.0
  com.unity.modules.terrain@1.0.0
  com.unity.modules.terrainphysics@1.0.0
  com.unity.modules.tilemap@1.0.0
  com.unity.modules.ui@1.0.0
  com.unity.modules.uielements@1.0.0
  com.unity.modules.umbra@1.0.0
  com.unity.modules.unityanalytics@1.0.0
  com.unity.modules.unitywebrequest@1.0.0
  com.unity.modules.unitywebrequestassetbundle@1.0.0
  com.unity.modules.unitywebrequestaudio@1.0.0
  com.unity.modules.unitywebrequesttexture@1.0.0
  com.unity.modules.unitywebrequestwww@1.0.0
  com.unity.modules.vehicles@1.0.0
  com.unity.modules.video@1.0.0
  com.unity.modules.vr@1.0.0
  com.unity.modules.wind@1.0.0
  com.unity.modules.xr@1.0.0
  com.unity.test-framework@1.1.29
  com.unity.textmeshpro@3.0.6
  com.unity.timeline@1.5.6
  com.unity.ugui@1.0.0
  com.unity.visualscripting@1.6.1
The following packages were updated:
  com.unity.2d.animation from version 6.0.1 to 6.0.5
  com.unity.2d.pixel-perfect from version 5.0.0 to 5.0.1
  com.unity.2d.psdimporter from version 5.0.1 to 5.0.4
  com.unity.2d.spriteshape from version 6.0.0 to 6.0.1
  com.unity.2d.tilemap.extras from version 2.0.0 to 2.2.0

=== Sun Dec 26 02:50:28 2021

Packages were changed.
Update Mode: updateDependencies

The following packages were updated:
  com.unity.2d.animation from version 6.0.7 to 7.0.2
  com.unity.2d.psdimporter from version 5.0.4 to 6.0.1
  com.unity.2d.spriteshape from version 6.0.2 to 7.0.3
  com.unity.2d.tilemap.extras from version 2.2.0 to 2.2.1
  com.unity.collab-proxy from version 1.13.5 to 1.15.4
  com.unity.inputsystem from version 1.0.2 to 1.2.0
  com.unity.timeline from version 1.5.7 to 1.6.3
  com.unity.visualscripting from version 1.6.1 to 1.7.6

=== Thu Apr 14 18:29:59 2022

Packages were changed.
Update Mode: updateDependencies

The following packages were updated:
  com.unity.2d.animation from version 7.0.3 to 7.0.4
  com.unity.2d.psdimporter from version 6.0.2 to 6.0.3
  com.unity.2d.spriteshape from version 7.0.3 to 7.0.4
  com.unity.collab-proxy from version 1.15.7 to 1.15.15
  com.unity.ide.rider from version 3.0.10 to 3.0.13
  com.unity.ide.vscode from version 1.2.4 to 1.2.5
  com.unity.inputsystem from version 1.2.0 to 1.3.0
  com.unity.timeline from version 1.6.3 to 1.6.4
